TN:
SF:src/Coin.sol
DA:55,7
FN:55,ETHStablecoin.burn
FNDA:7,ETHStablecoin.burn
DA:56,6
DA:57,6
BRDA:57,0,0,1
DA:58,1
DA:60,5
BRDA:60,1,0,1
DA:61,1
DA:63,4
DA:66,16
FN:66,ETHStablecoin.mint
FNDA:16,ETHStablecoin.mint
DA:67,15
BRDA:67,2,0,1
DA:68,1
DA:70,14
BRDA:70,3,0,1
DA:71,1
DA:73,13
DA:74,13
FNF:2
FNH:2
LF:14
LH:14
BRF:4
BRH:4
end_of_record
TN:
SF:src/DSCEngine.sol
DA:93,2
FN:93,DSCEngine.moreThanZero
FNDA:2,DSCEngine.moreThanZero
DA:94,2
BRDA:94,0,0,-
DA:95,0
DA:100,19
FN:100,DSCEngine.isAllowedToken
FNDA:19,DSCEngine.isAllowedToken
DA:101,19
BRDA:101,1,0,1
DA:102,1
DA:110,24
FN:110,DSCEngine.constructor
FNDA:24,DSCEngine.constructor
DA:111,24
BRDA:111,2,0,1
DA:112,1
DA:114,23
DA:115,46
DA:116,46
DA:118,23
DA:131,9
FN:131,DSCEngine.depositCollateralAndMintDsc
FNDA:9,DSCEngine.depositCollateralAndMintDsc
DA:136,9
DA:137,9
DA:144,11
FN:144,DSCEngine.depositCollateral
FNDA:11,DSCEngine.depositCollateral
DA:150,18
DA:151,18
DA:152,18
DA:153,18
BRDA:153,3,0,-
DA:154,0
DA:164,1
FN:164,DSCEngine.redeemCollateralForDsc
FNDA:1,DSCEngine.redeemCollateralForDsc
DA:167,1
DA:168,1
DA:177,2
FN:177,DSCEngine.redeemCollateral
FNDA:2,DSCEngine.redeemCollateral
DA:182,2
DA:183,2
DA:190,3
FN:190,DSCEngine.mintDsc
FNDA:3,DSCEngine.mintDsc
DA:191,11
DA:192,11
DA:193,10
DA:194,10
BRDA:194,4,0,-
DA:195,0
DA:202,2
FN:202,DSCEngine.burnDsc
FNDA:2,DSCEngine.burnDsc
DA:203,2
DA:204,2
DA:217,2
FN:217,DSCEngine.liquidate
FNDA:2,DSCEngine.liquidate
DA:222,2
DA:223,2
BRDA:223,5,0,1
DA:224,1
DA:230,1
DA:233,1
DA:234,1
DA:235,1
DA:236,1
DA:237,1
DA:238,1
BRDA:238,6,0,-
DA:239,0
DA:241,1
DA:252,3
FN:252,DSCEngine._burnDsc
FNDA:3,DSCEngine._burnDsc
DA:253,3
DA:254,3
DA:255,3
BRDA:255,7,0,-
DA:256,0
DA:258,3
DA:261,3
FN:261,DSCEngine._redeemCollateral
FNDA:3,DSCEngine._redeemCollateral
DA:264,3
DA:265,3
DA:266,3
DA:267,3
BRDA:267,8,0,-
DA:268,0
DA:272,22
FN:272,DSCEngine._getAccountInformation
FNDA:22,DSCEngine._getAccountInformation
DA:277,22
DA:278,22
DA:285,21
FN:285,DSCEngine._healthFactor
FNDA:21,DSCEngine._healthFactor
DA:286,21
DA:287,21
DA:290,21
FN:290,DSCEngine._calculateHealthFactor
FNDA:21,DSCEngine._calculateHealthFactor
DA:295,21
BRDA:295,9,0,6
DA:296,15
DA:297,15
DA:300,16
FN:300,DSCEngine._revertIfHealthFactorIsBroken
FNDA:16,DSCEngine._revertIfHealthFactorIsBroken
DA:301,16
DA:302,16
BRDA:302,10,0,1
DA:303,1
DA:311,2
FN:311,DSCEngine.getTokenAmountFromUsd
FNDA:2,DSCEngine.getTokenAmountFromUsd
DA:312,3
DA:313,3
DA:315,3
DA:318,0
FN:318,DSCEngine.getAccountCollateralValue
FNDA:0,DSCEngine.getAccountCollateralValue
DA:319,22
DA:320,44
DA:321,44
DA:322,44
DA:324,0
DA:327,1
FN:327,DSCEngine.getUsdValue
FNDA:1,DSCEngine.getUsdValue
DA:328,45
DA:329,45
DA:333,45
DA:336,1
FN:336,DSCEngine.getAccountInformation
FNDA:1,DSCEngine.getAccountInformation
DA:341,1
DA:344,2
FN:344,DSCEngine.getHealthFactor
FNDA:2,DSCEngine.getHealthFactor
DA:345,2
DA:348,1
FN:348,DSCEngine.getCollateralTokens
FNDA:1,DSCEngine.getCollateralTokens
DA:349,1
DA:352,2
FN:352,DSCEngine.getCollateralBalanceOfUser
FNDA:2,DSCEngine.getCollateralBalanceOfUser
DA:353,2
DA:356,0
FN:356,DSCEngine.getLiquidationThreshold
FNDA:0,DSCEngine.getLiquidationThreshold
DA:357,0
DA:360,0
FN:360,DSCEngine.getLiquidationBonus
FNDA:0,DSCEngine.getLiquidationBonus
DA:361,0
DA:364,0
FN:364,DSCEngine.getPrecision
FNDA:0,DSCEngine.getPrecision
DA:365,0
DA:368,1
FN:368,DSCEngine.getDsc
FNDA:1,DSCEngine.getDsc
DA:369,1
DA:372,0
FN:372,DSCEngine.getCollateralTokenPriceFeed
FNDA:0,DSCEngine.getCollateralTokenPriceFeed
DA:373,0
DA:376,0
FN:376,DSCEngine.getMinHealthFactor
FNDA:0,DSCEngine.getMinHealthFactor
DA:377,0
FNF:29
FNH:23
LF:110
LH:92
BRF:11
BRH:5
end_of_record
